
[93mACE (AbsCon Essence)[0m v2.1 

  [94minstance[0m
    name:constSudoku

  Loading variables...

  Loading constraints...

  [94mdomains[0m
    types:1  values:729  sizes:[9:81]
  [94mvariables[0m
    count:81  arrays:1  degrees:[3:51,4:30]
  [94mconstraints[0m
    count:57  specific:57  groups:3  arities:[1:30,9:27]
    distribution:[AllDifferentComplete:27,Extension1:30]
    wck:0.16  cpu:0.516  mem:13M33

  Building solver... 

  [94msolver[0m
    guaranteedAC:true
    wck:0.18  cpu:0.536  mem:14M645

  [94mpreprocessing[0m
    effs:167  values:81  removedByAC:648  unsat:false
    wck:0.009  cpu:0.546  mem:14M645

    run:0  dpts:-1..80  effs:167  wck:0.00  sols:1

  [94mglobal[0m
    effs:167
    stop:REACHED_GOAL  sols:1  sol1Cpu:0.548
    wck:0.20  cpu:0.552  mem:15M50


  Solution 1 in JSON format:
   {
    x: [
     [5, 3, 4, 6, 7, 8, 9, 1, 2],
     [6, 7, 2, 1, 9, 5, 3, 4, 8],
     [1, 9, 8, 3, 4, 2, 5, 6, 7],
     [8, 5, 9, 7, 6, 1, 4, 2, 3],
     [4, 2, 6, 8, 5, 3, 7, 9, 1],
     [7, 1, 3, 9, 2, 4, 8, 5, 6],
     [9, 6, 1, 5, 3, 7, 2, 8, 4],
     [2, 8, 7, 4, 1, 9, 6, 3, 5],
     [3, 4, 5, 2, 8, 6, 1, 7, 9]
    ]
   }

[92ms SATISFIABLE[0m
[92m
v[0m <instantiation id='sol1' type='solution'> <list> x[][] </list> <values> 5 3 4 6 7 8 9 1 2 6 7 2 1 9 5 3 4 8 1 9 8 3 4 2 5 6 7 8 5 9 7 6 1 4 2 3 4 2 6 8 5 3 7 9 1 7 1 3 9 2 4 8 5 6 9 6 1 5 3 7 2 8 4 2 8 7 4 1 9 6 3 5 3 4 5 2 8 6 1 7 9 </values> </instantiation>
[92m
d WRONG DECISIONS[0m 0
[92md FOUND SOLUTIONS[0m 1
[91md INCOMPLETE EXPLORATION[0m

c real time : 0.557
