
[93mACE (AbsCon Essence)[0m v2.1 

  [94minstance[0m
    name:exemple_nathan

  Loading variables...

  Loading constraints...

  [94mdomains[0m
    types:1  values:30  sizes:[5:6]
  [94mvariables[0m
    count:6  arrays:0  degrees:[1:6]
  [94mconstraints[0m
    count:2  specific:2  arities:[1:1,5:1]
    distribution:[AllDifferentComplete:1,Extension1:1]
    wck:0.10  cpu:0.525  mem:9M688

  Building solver... 

  [94msolver[0m
    guaranteedAC:true
    wck:0.12  cpu:0.54  mem:11M443

  [94mpreprocessing[0m
    effs:1  values:26  removedByAC:4  unsat:false
    wck:0.0  cpu:0.541  mem:11M443

    run:0  dpts:-1..5  effs:5  wck:0.00  sols:1

  [94mglobal[0m
    effs:5
    stop:REACHED_GOAL  sols:1  sol1Cpu:0.542
    wck:0.12  cpu:0.544  mem:11M820


  Solution 1 in JSON format:
   {
    Leslie: 1,
    Holly: 2,
    Andrea: 3,
    Julie: 4,
    Victoria: 5,
    Davis: 2
   }

[92ms SATISFIABLE[0m
[92m
v[0m <instantiation id='sol1' type='solution'> <list> Leslie Holly Andrea Julie Victoria Davis </list> <values> 1 2 3 4 5 2 </values> </instantiation>
[92m
d WRONG DECISIONS[0m 0
[92md FOUND SOLUTIONS[0m 1
[91md INCOMPLETE EXPLORATION[0m

c real time : 0.547
